andFlmsg_Head_CPP120/build/outputs/logs/manifest-merger-debug-report.txt
-- Merging decision tree log ---
provider#com.AndFlmsg.myFileProvider
INJECTED from src/main/AndroidManifest.xml:49:9-57:20
	android:grantUriPermissions
		ADDED from src/main/AndroidManifest.xml:53:13-47
	android:authorities
		INJECTED from src/main/AndroidManifest.xml
		ADDED from src/main/AndroidManifest.xml:51:13-60
	android:exported
		ADDED from src/main/AndroidManifest.xml:52:13-37
	android:name
		ADDED from src/main/AndroidManifest.xml:50:13-43
manifest
ADDED from src/main/AndroidManifest.xml:2:1-61:12
INJECTED from src/main/AndroidManifest.xml:2:1-61:12
INJECTED from src/main/AndroidManifest.xml:2:1-61:12
INJECTED from src/main/AndroidManifest.xml:2:1-61:12
MERGED from [:aFileDialogoriginal] AndroidManifest.xml:2:1-17:12
MERGED from [com.android.support:support-v4:27.1.0] AndroidManifest.xml:17:1-22:12
MERGED from [com.android.support:appcompat-v7:27.1.0] AndroidManifest.xml:17:1-22:12
MERGED from [com.android.support:support-media-compat:27.1.0] AndroidManifest.xml:17:1-22:12
MERGED from [com.android.support:support-fragment:27.1.0] AndroidManifest.xml:17:1-22:12
MERGED from [com.android.support:animated-vector-drawable:27.1.0] AndroidManifest.xml:17:1-22:12
MERGED from [com.android.support:support-core-ui:27.1.0] AndroidManifest.xml:17:1-22:12
MERGED from [com.android.support:support-core-utils:27.1.0] AndroidManifest.xml:17:1-22:12
MERGED from [com.android.support:support-vector-drawable:27.1.0] AndroidManifest.xml:17:1-22:12
MERGED from [com.android.support:support-compat:27.1.0] AndroidManifest.xml:17:1-22:12
MERGED from [android.arch.lifecycle:runtime:1.1.0] AndroidManifest.xml:17:1-22:12
MERGED from [android.arch.lifecycle:livedata-core:1.1.0] AndroidManifest.xml:17:1-22:12
MERGED from [android.arch.lifecycle:viewmodel:1.1.0] AndroidManifest.xml:17:1-22:12
MERGED from [android.arch.core:runtime:1.1.0] AndroidManifest.xml:17:1-22:12
INJECTED from src/main/AndroidManifest.xml:2:1-61:12
INJECTED from src/main/AndroidManifest.xml:2:1-61:12
INJECTED from src/main/AndroidManifest.xml:2:1-61:12
	package
		ADDED from src/main/AndroidManifest.xml:2:11-33
		INJECTED from src/main/AndroidManifest.xml
		INJECTED from src/main/AndroidManifest.xml
	android:versionName
		ADDED from src/main/AndroidManifest.xml:5:5-32
		INJECTED from src/main/AndroidManifest.xml
		INJECTED from src/main/AndroidManifest.xml
	xmlns:tools
		ADDED from src/main/AndroidManifest.xml:3:5-51
	xmlns:android
		ADDED from src/main/AndroidManifest.xml:5:33-91
	android:versionCode
		ADDED from src/main/AndroidManifest.xml:4:5-28
		INJECTED from src/main/AndroidManifest.xml
		INJECTED from src/main/AndroidManifest.xml
uses-permission#android.permission.ACCESS_FINE_LOCATION
ADDED from src/main/AndroidManifest.xml:6:5-95
	android:name
		ADDED from src/main/AndroidManifest.xml:6:22-76
uses-permission#android.permission.BLUETOOTH
ADDED from src/main/AndroidManifest.xml:7:5-84
	android:name
		ADDED from src/main/AndroidManifest.xml:7:22-65
uses-permission#android.permission.BLUETOOTH_ADMIN
ADDED from src/main/AndroidManifest.xml:8:5-90
	android:name
		ADDED from src/main/AndroidManifest.xml:8:22-71
uses-permission#android.permission.WRITE_EXTERNAL_STORAGE
ADDED from src/main/AndroidManifest.xml:9:5-97
	android:name
		ADDED from src/main/AndroidManifest.xml:9:22-78
uses-permission#android.permission.RECORD_AUDIO
ADDED from src/main/AndroidManifest.xml:10:5-87
	android:name
		ADDED from src/main/AndroidManifest.xml:10:22-68
uses-permission#android.permission.MODIFY_AUDIO_SETTINGS
ADDED from src/main/AndroidManifest.xml:11:5-96
	android:name
		ADDED from src/main/AndroidManifest.xml:11:22-77
uses-permission#android.permission.BROADCAST_STICKY
ADDED from src/main/AndroidManifest.xml:12:5-91
	android:name
		ADDED from src/main/AndroidManifest.xml:12:22-72
uses-permission#android.permission.INTERNET
ADDED from src/main/AndroidManifest.xml:13:5-83
	android:name
		ADDED from src/main/AndroidManifest.xml:13:22-64
uses-permission#android.permission.READ_PHONE_STATE
ADDED from src/main/AndroidManifest.xml:14:5-91
	android:name
		ADDED from src/main/AndroidManifest.xml:14:22-72
uses-permission#android.permission.FOREGROUND_SERVICE
ADDED from src/main/AndroidManifest.xml:15:5-77
	android:name
		ADDED from src/main/AndroidManifest.xml:15:22-74
application
ADDED from src/main/AndroidManifest.xml:16:5-59:19
MERGED from [:aFileDialogoriginal] AndroidManifest.xml:11:5-15:19
MERGED from [:aFileDialogoriginal] AndroidManifest.xml:11:5-15:19
	android:label
		ADDED from src/main/AndroidManifest.xml:20:9-45
		REJECTED from [:aFileDialogoriginal] AndroidManifest.xml:13:9-50
	android:icon
		ADDED from src/main/AndroidManifest.xml:19:9-38
		REJECTED from [:aFileDialogoriginal] AndroidManifest.xml:12:9-45
	tools:replace
		ADDED from src/main/AndroidManifest.xml:17:9-64
	android:name
		ADDED from src/main/AndroidManifest.xml:18:9-37
activity#com.AndFlmsg.AndFlmsg
ADDED from src/main/AndroidManifest.xml:21:9-31:20
	android:label
		ADDED from src/main/AndroidManifest.xml:24:13-49
	android:windowSoftInputMode
		ADDED from src/main/AndroidManifest.xml:26:13-54
	android:configChanges
		ADDED from src/main/AndroidManifest.xml:23:13-87
	android:theme
		ADDED from src/main/AndroidManifest.xml:25:13-51
	android:name
		ADDED from src/main/AndroidManifest.xml:22:13-37
intent-filter#action:name:android.intent.action.MAIN+category:name:android.intent.category.LAUNCHER
ADDED from src/main/AndroidManifest.xml:27:13-30:29
action#android.intent.action.MAIN
ADDED from src/main/AndroidManifest.xml:28:17-69
	android:name
		ADDED from src/main/AndroidManifest.xml:28:25-66
category#android.intent.category.LAUNCHER
ADDED from src/main/AndroidManifest.xml:29:17-77
	android:name
		ADDED from src/main/AndroidManifest.xml:29:27-74
activity#com.AndFlmsg.myPreferences
ADDED from src/main/AndroidManifest.xml:33:9-35:20
	android:name
		ADDED from src/main/AndroidManifest.xml:34:13-41
service#com.AndFlmsg.Processor
ADDED from src/main/AndroidManifest.xml:37:9-39:19
	android:name
		ADDED from src/main/AndroidManifest.xml:38:13-38
activity#ar.com.daidalos.afiledialog.FileChooserActivity
ADDED from src/main/AndroidManifest.xml:41:9-43:20
MERGED from [:aFileDialogoriginal] AndroidManifest.xml:14:9-84
MERGED from [:aFileDialogoriginal] AndroidManifest.xml:14:9-84
	android:name
		ADDED from src/main/AndroidManifest.xml:42:13-75
activity#com.AndFlmsg.imagePicker
ADDED from src/main/AndroidManifest.xml:45:9-47:20
	android:name
		ADDED from src/main/AndroidManifest.xml:46:13-40
uses-sdk
INJECTED from src/main/AndroidManifest.xml reason: use-sdk injection requested
INJECTED from src/main/AndroidManifest.xml
INJECTED from src/main/AndroidManifest.xml
MERGED from [:aFileDialogoriginal] AndroidManifest.xml:7:5-9:41
MERGED from [:aFileDialogoriginal] AndroidManifest.xml:7:5-9:41
MERGED from [com.android.support:support-v4:27.1.0] AndroidManifest.xml:20:5-44
MERGED from [com.android.support:support-v4:27.1.0] AndroidManifest.xml:20:5-44
MERGED from [com.android.support:appcompat-v7:27.1.0] AndroidManifest.xml:20:5-44
MERGED from [com.android.support:appcompat-v7:27.1.0] AndroidManifest.xml:20:5-44
MERGED from [com.android.support:support-media-compat:27.1.0] AndroidManifest.xml:20:5-44
MERGED from [com.android.support:support-media-compat:27.1.0] AndroidManifest.xml:20:5-44
MERGED from [com.android.support:support-fragment:27.1.0] AndroidManifest.xml:20:5-44
MERGED from [com.android.support:support-fragment:27.1.0] AndroidManifest.xml:20:5-44
MERGED from [com.android.support:animated-vector-drawable:27.1.0] AndroidManifest.xml:20:5-44
MERGED from [com.android.support:animated-vector-drawable:27.1.0] AndroidManifest.xml:20:5-44
MERGED from [com.android.support:support-core-ui:27.1.0] AndroidManifest.xml:20:5-44
MERGED from [com.android.support:support-core-ui:27.1.0] AndroidManifest.xml:20:5-44
MERGED from [com.android.support:support-core-utils:27.1.0] AndroidManifest.xml:20:5-44
MERGED from [com.android.support:support-core-utils:27.1.0] AndroidManifest.xml:20:5-44
MERGED from [com.android.support:support-vector-drawable:27.1.0] AndroidManifest.xml:20:5-44
MERGED from [com.android.support:support-vector-drawable:27.1.0] AndroidManifest.xml:20:5-44
MERGED from [com.android.support:support-compat:27.1.0] AndroidManifest.xml:20:5-44
MERGED from [com.android.support:support-compat:27.1.0] AndroidManifest.xml:20:5-44
MERGED from [android.arch.lifecycle:runtime:1.1.0] AndroidManifest.xml:20:5-44
MERGED from [android.arch.lifecycle:runtime:1.1.0] AndroidManifest.xml:20:5-44
MERGED from [android.arch.lifecycle:livedata-core:1.1.0] AndroidManifest.xml:20:5-44
MERGED from [android.arch.lifecycle:livedata-core:1.1.0] AndroidManifest.xml:20:5-44
MERGED from [android.arch.lifecycle:viewmodel:1.1.0] AndroidManifest.xml:20:5-44
MERGED from [android.arch.lifecycle:viewmodel:1.1.0] AndroidManifest.xml:20:5-44
MERGED from [android.arch.core:runtime:1.1.0] AndroidManifest.xml:20:5-44
MERGED from [android.arch.core:runtime:1.1.0] AndroidManifest.xml:20:5-44
INJECTED from src/main/AndroidManifest.xml
INJECTED from src/main/AndroidManifest.xml
	android:targetSdkVersion
		INJECTED from src/main/AndroidManifest.xml
		ADDED from src/main/AndroidManifest.xml
		INJECTED from src/main/AndroidManifest.xml
	android:minSdkVersion
		INJECTED from src/main/AndroidManifest.xml
		ADDED from src/main/AndroidManifest.xml
		INJECTED from src/main/AndroidManifest.xml
meta-data#android.support.FILE_PROVIDER_PATHS
ADDED from src/main/AndroidManifest.xml:54:13-56:57
	android:resource
		ADDED from src/main/AndroidManifest.xml:56:17-55
	android:name
		ADDED from src/main/AndroidManifest.xml:55:17-67